{"D:\\Fardbot\\BonkleBuckTypes\\src\\BlockData\\EconomyParticipant.ts": {"path":"D:\\Fardbot\\BonkleBuckTypes\\src\\BlockData\\EconomyParticipant.ts","statementMap":{"0":{"start":{"line":2,"column":0},"end":{"line":2,"column":34}},"1":{"start":{"line":5,"column":0},"end":{"line":5,"column":28}},"2":{"start":{"line":19,"column":8},"end":{"line":19,"column":91}},"3":{"start":{"line":20,"column":8},"end":{"line":20,"column":45}},"4":{"start":{"line":21,"column":8},"end":{"line":21,"column":28}},"5":{"start":{"line":22,"column":8},"end":{"line":22,"column":25}},"6":{"start":{"line":23,"column":8},"end":{"line":23,"column":25}},"7":{"start":{"line":24,"column":8},"end":{"line":24,"column":26}},"8":{"start":{"line":32,"column":8},"end":{"line":36,"column":13}},"9":{"start":{"line":33,"column":12},"end":{"line":33,"column":47}},"10":{"start":{"line":35,"column":12},"end":{"line":35,"column":74}},"11":{"start":{"line":44,"column":8},"end":{"line":44,"column":85}},"12":{"start":{"line":45,"column":8},"end":{"line":45,"column":46}},"13":{"start":{"line":7,"column":0},"end":{"line":7,"column":21}},"14":{"start":{"line":8,"column":11},"end":{"line":8,"column":35}}},"fnMap":{"0":{"name":"(anonymous_1)","decl":{"start":{"line":18,"column":4},"end":{"line":18,"column":16}},"loc":{"start":{"line":18,"column":26},"end":{"line":25,"column":5}}},"1":{"name":"(anonymous_2)","decl":{"start":{"line":31,"column":4},"end":{"line":31,"column":12}},"loc":{"start":{"line":31,"column":25},"end":{"line":37,"column":5}}},"2":{"name":"(anonymous_3)","decl":{"start":{"line":43,"column":4},"end":{"line":43,"column":15}},"loc":{"start":{"line":43,"column":28},"end":{"line":46,"column":5}}}},"branchMap":{"0":{"loc":{"start":{"line":32,"column":8},"end":{"line":36,"column":13}},"type":"if","locations":[{"start":{"line":32,"column":8},"end":{"line":36,"column":13}},{"start":{"line":34,"column":13},"end":{"line":36,"column":13}}]}},"s":{"0":1,"1":1,"2":8,"3":7,"4":7,"5":7,"6":7,"7":7,"8":6,"9":1,"10":5,"11":2,"12":1,"13":1,"14":1},"f":{"0":8,"1":6,"2":2},"b":{"0":[1,5]}}
,"D:\\Fardbot\\BonkleBuckTypes\\src\\BlockData\\Medium.ts": {"path":"D:\\Fardbot\\BonkleBuckTypes\\src\\BlockData\\Medium.ts","statementMap":{"0":{"start":{"line":9,"column":4},"end":{"line":9,"column":18}},"1":{"start":{"line":1,"column":0},"end":{"line":1,"column":21}}},"fnMap":{"0":{"name":"(anonymous_0)","decl":{"start":{"line":8,"column":2},"end":{"line":8,"column":14}},"loc":{"start":{"line":8,"column":23},"end":{"line":10,"column":3}}}},"branchMap":{},"s":{"0":13,"1":2},"f":{"0":13},"b":{}}
,"D:\\Fardbot\\BonkleBuckTypes\\src\\BlockData\\Goods\\Token.ts": {"path":"D:\\Fardbot\\BonkleBuckTypes\\src\\BlockData\\Goods\\Token.ts","statementMap":{"0":{"start":{"line":1,"column":0},"end":{"line":1,"column":28}},"1":{"start":{"line":2,"column":0},"end":{"line":2,"column":31}},"2":{"start":{"line":14,"column":8},"end":{"line":14,"column":67}},"3":{"start":{"line":15,"column":8},"end":{"line":15,"column":23}},"4":{"start":{"line":16,"column":8},"end":{"line":16,"column":22}},"5":{"start":{"line":17,"column":8},"end":{"line":17,"column":24}},"6":{"start":{"line":25,"column":8},"end":{"line":25,"column":105}},"7":{"start":{"line":26,"column":8},"end":{"line":26,"column":36}},"8":{"start":{"line":27,"column":8},"end":{"line":27,"column":25}},"9":{"start":{"line":36,"column":8},"end":{"line":36,"column":108}},"10":{"start":{"line":37,"column":8},"end":{"line":37,"column":98}},"11":{"start":{"line":38,"column":8},"end":{"line":38,"column":36}},"12":{"start":{"line":39,"column":8},"end":{"line":39,"column":25}},"13":{"start":{"line":4,"column":0},"end":{"line":4,"column":21}}},"fnMap":{"0":{"name":"(anonymous_1)","decl":{"start":{"line":13,"column":4},"end":{"line":13,"column":16}},"loc":{"start":{"line":13,"column":36},"end":{"line":18,"column":5}}},"1":{"name":"(anonymous_2)","decl":{"start":{"line":24,"column":4},"end":{"line":24,"column":7}},"loc":{"start":{"line":24,"column":20},"end":{"line":28,"column":5}}},"2":{"name":"(anonymous_3)","decl":{"start":{"line":35,"column":4},"end":{"line":35,"column":10}},"loc":{"start":{"line":35,"column":23},"end":{"line":40,"column":5}}}},"branchMap":{},"s":{"0":2,"1":2,"2":25,"3":24,"4":24,"5":24,"6":3,"7":2,"8":2,"9":4,"10":3,"11":2,"12":2,"13":2},"f":{"0":25,"1":3,"2":4},"b":{}}
}
