TN:
SF:src\BlockData\EconomyParticipant.ts
FN:18,(anonymous_1)
FN:31,(anonymous_2)
FN:43,(anonymous_3)
FNF:3
FNH:3
FNDA:8,(anonymous_1)
FNDA:6,(anonymous_2)
FNDA:2,(anonymous_3)
DA:2,1
DA:5,1
DA:7,1
DA:8,1
DA:19,8
DA:20,7
DA:21,7
DA:22,7
DA:23,7
DA:24,7
DA:32,6
DA:33,1
DA:35,5
DA:44,2
DA:45,1
LF:15
LH:15
BRDA:32,0,0,1
BRDA:32,0,1,5
BRF:2
BRH:2
end_of_record
TN:
SF:src\BlockData\Medium.ts
FN:8,(anonymous_0)
FNF:1
FNH:1
FNDA:13,(anonymous_0)
DA:1,2
DA:9,13
LF:2
LH:2
BRF:0
BRH:0
end_of_record
TN:
SF:src\BlockData\Goods\Token.ts
FN:13,(anonymous_1)
FN:24,(anonymous_2)
FN:35,(anonymous_3)
FNF:3
FNH:3
FNDA:25,(anonymous_1)
FNDA:3,(anonymous_2)
FNDA:4,(anonymous_3)
DA:1,2
DA:2,2
DA:4,2
DA:14,25
DA:15,24
DA:16,24
DA:17,24
DA:25,3
DA:26,2
DA:27,2
DA:36,4
DA:37,3
DA:38,2
DA:39,2
LF:14
LH:14
BRF:0
BRH:0
end_of_record
